{"C:\\Users\\sure\\Desktop\\intern\\project\\99_npm\\broadcast-event-system\\src\\core\\BroadcastService.ts": {"path":"C:\\Users\\sure\\Desktop\\intern\\project\\99_npm\\broadcast-event-system\\src\\core\\BroadcastService.ts","all":false,"statementMap":{"6":{"start":{"line":7,"column":0},"end":{"line":7,"column":60}},"7":{"start":{"line":8,"column":0},"end":{"line":8,"column":57}},"8":{"start":{"line":9,"column":0},"end":{"line":9,"column":84}},"9":{"start":{"line":10,"column":0},"end":{"line":10,"column":32}},"17":{"start":{"line":18,"column":0},"end":{"line":18,"column":73}},"18":{"start":{"line":19,"column":0},"end":{"line":19,"column":42}},"19":{"start":{"line":20,"column":0},"end":{"line":20,"column":72}},"20":{"start":{"line":21,"column":0},"end":{"line":21,"column":49}},"21":{"start":{"line":22,"column":0},"end":{"line":22,"column":5}},"23":{"start":{"line":24,"column":0},"end":{"line":24,"column":52}},"24":{"start":{"line":25,"column":0},"end":{"line":25,"column":62}},"26":{"start":{"line":27,"column":0},"end":{"line":27,"column":53}},"27":{"start":{"line":28,"column":0},"end":{"line":28,"column":11}},"28":{"start":{"line":29,"column":0},"end":{"line":29,"column":29}},"29":{"start":{"line":30,"column":0},"end":{"line":30,"column":23}},"30":{"start":{"line":31,"column":0},"end":{"line":31,"column":82}},"31":{"start":{"line":32,"column":0},"end":{"line":32,"column":7}},"32":{"start":{"line":33,"column":0},"end":{"line":33,"column":6}},"34":{"start":{"line":35,"column":0},"end":{"line":35,"column":56}},"35":{"start":{"line":36,"column":0},"end":{"line":36,"column":69}},"37":{"start":{"line":38,"column":0},"end":{"line":38,"column":22}},"38":{"start":{"line":39,"column":0},"end":{"line":39,"column":3}},"45":{"start":{"line":46,"column":0},"end":{"line":46,"column":62}},"46":{"start":{"line":47,"column":0},"end":{"line":47,"column":51}},"47":{"start":{"line":48,"column":0},"end":{"line":48,"column":54}},"49":{"start":{"line":50,"column":0},"end":{"line":50,"column":31}},"50":{"start":{"line":51,"column":0},"end":{"line":51,"column":55}},"51":{"start":{"line":52,"column":0},"end":{"line":52,"column":27}},"52":{"start":{"line":53,"column":0},"end":{"line":53,"column":63}},"53":{"start":{"line":54,"column":0},"end":{"line":54,"column":37}},"54":{"start":{"line":55,"column":0},"end":{"line":55,"column":7}},"55":{"start":{"line":56,"column":0},"end":{"line":56,"column":5}},"56":{"start":{"line":57,"column":0},"end":{"line":57,"column":3}},"63":{"start":{"line":64,"column":0},"end":{"line":64,"column":52}},"64":{"start":{"line":65,"column":0},"end":{"line":65,"column":42}},"65":{"start":{"line":66,"column":0},"end":{"line":66,"column":72}},"66":{"start":{"line":67,"column":0},"end":{"line":67,"column":5}},"68":{"start":{"line":69,"column":0},"end":{"line":69,"column":9}},"69":{"start":{"line":70,"column":0},"end":{"line":70,"column":56}},"70":{"start":{"line":71,"column":0},"end":{"line":71,"column":21}},"71":{"start":{"line":72,"column":0},"end":{"line":72,"column":70}},"72":{"start":{"line":73,"column":0},"end":{"line":73,"column":5}},"73":{"start":{"line":74,"column":0},"end":{"line":74,"column":3}},"79":{"start":{"line":80,"column":0},"end":{"line":80,"column":36}},"80":{"start":{"line":81,"column":0},"end":{"line":81,"column":51}},"81":{"start":{"line":82,"column":0},"end":{"line":82,"column":54}},"83":{"start":{"line":84,"column":0},"end":{"line":84,"column":31}},"85":{"start":{"line":86,"column":0},"end":{"line":86,"column":39}},"86":{"start":{"line":87,"column":0},"end":{"line":87,"column":57}},"87":{"start":{"line":88,"column":0},"end":{"line":88,"column":9}},"89":{"start":{"line":90,"column":0},"end":{"line":90,"column":22}},"90":{"start":{"line":91,"column":0},"end":{"line":91,"column":40}},"91":{"start":{"line":92,"column":0},"end":{"line":92,"column":41}},"92":{"start":{"line":93,"column":0},"end":{"line":93,"column":5}},"93":{"start":{"line":94,"column":0},"end":{"line":94,"column":3}},"98":{"start":{"line":99,"column":0},"end":{"line":99,"column":20}},"99":{"start":{"line":100,"column":0},"end":{"line":100,"column":53}},"100":{"start":{"line":101,"column":0},"end":{"line":101,"column":56}},"101":{"start":{"line":102,"column":0},"end":{"line":102,"column":22}},"102":{"start":{"line":103,"column":0},"end":{"line":103,"column":41}},"103":{"start":{"line":104,"column":0},"end":{"line":104,"column":59}},"104":{"start":{"line":105,"column":0},"end":{"line":105,"column":11}},"105":{"start":{"line":106,"column":0},"end":{"line":106,"column":7}},"106":{"start":{"line":107,"column":0},"end":{"line":107,"column":22}},"107":{"start":{"line":108,"column":0},"end":{"line":108,"column":7}},"108":{"start":{"line":109,"column":0},"end":{"line":109,"column":26}},"109":{"start":{"line":110,"column":0},"end":{"line":110,"column":27}},"110":{"start":{"line":111,"column":0},"end":{"line":111,"column":3}},"116":{"start":{"line":117,"column":0},"end":{"line":117,"column":33}},"117":{"start":{"line":118,"column":0},"end":{"line":118,"column":44}},"118":{"start":{"line":119,"column":0},"end":{"line":119,"column":3}},"125":{"start":{"line":126,"column":0},"end":{"line":126,"column":49}},"126":{"start":{"line":127,"column":0},"end":{"line":127,"column":42}},"127":{"start":{"line":128,"column":0},"end":{"line":128,"column":3}},"128":{"start":{"line":129,"column":0},"end":{"line":129,"column":1}},"134":{"start":{"line":135,"column":0},"end":{"line":135,"column":55}}},"s":{"6":1,"7":53,"8":53,"9":53,"17":1,"18":68,"19":47,"20":47,"21":47,"23":68,"24":68,"26":68,"27":67,"28":67,"29":67,"30":1,"31":1,"32":67,"34":68,"35":68,"37":68,"38":68,"45":1,"46":32,"47":32,"49":32,"50":17,"51":17,"52":17,"53":17,"54":17,"55":17,"56":32,"63":1,"64":72,"65":7,"66":7,"68":72,"69":72,"70":72,"71":1,"72":1,"73":72,"79":1,"80":7,"81":7,"83":7,"85":6,"86":6,"87":6,"89":6,"90":6,"91":6,"92":6,"93":7,"98":1,"99":52,"100":48,"101":48,"102":41,"103":45,"104":41,"105":41,"106":48,"107":52,"108":52,"109":52,"110":52,"116":1,"117":5,"118":5,"125":1,"126":4,"127":4,"128":1,"134":1},"branchMap":{"0":{"type":"branch","line":7,"loc":{"start":{"line":7,"column":7},"end":{"line":10,"column":32}},"locations":[{"start":{"line":7,"column":7},"end":{"line":10,"column":32}}]},"1":{"type":"branch","line":18,"loc":{"start":{"line":18,"column":2},"end":{"line":39,"column":3}},"locations":[{"start":{"line":18,"column":2},"end":{"line":39,"column":3}}]},"2":{"type":"branch","line":19,"loc":{"start":{"line":19,"column":41},"end":{"line":22,"column":5}},"locations":[{"start":{"line":19,"column":41},"end":{"line":22,"column":5}}]},"3":{"type":"branch","line":27,"loc":{"start":{"line":27,"column":27},"end":{"line":33,"column":6}},"locations":[{"start":{"line":27,"column":27},"end":{"line":33,"column":6}}]},"4":{"type":"branch","line":30,"loc":{"start":{"line":30,"column":6},"end":{"line":32,"column":7}},"locations":[{"start":{"line":30,"column":6},"end":{"line":32,"column":7}}]},"5":{"type":"branch","line":46,"loc":{"start":{"line":46,"column":2},"end":{"line":57,"column":3}},"locations":[{"start":{"line":46,"column":2},"end":{"line":57,"column":3}}]},"6":{"type":"branch","line":50,"loc":{"start":{"line":50,"column":8},"end":{"line":50,"column":30}},"locations":[{"start":{"line":50,"column":8},"end":{"line":50,"column":30}}]},"7":{"type":"branch","line":50,"loc":{"start":{"line":50,"column":30},"end":{"line":56,"column":5}},"locations":[{"start":{"line":50,"column":30},"end":{"line":56,"column":5}}]},"8":{"type":"branch","line":64,"loc":{"start":{"line":64,"column":2},"end":{"line":74,"column":3}},"locations":[{"start":{"line":64,"column":2},"end":{"line":74,"column":3}}]},"9":{"type":"branch","line":65,"loc":{"start":{"line":65,"column":41},"end":{"line":67,"column":5}},"locations":[{"start":{"line":65,"column":41},"end":{"line":67,"column":5}}]},"10":{"type":"branch","line":71,"loc":{"start":{"line":71,"column":4},"end":{"line":73,"column":5}},"locations":[{"start":{"line":71,"column":4},"end":{"line":73,"column":5}}]},"11":{"type":"branch","line":80,"loc":{"start":{"line":80,"column":2},"end":{"line":94,"column":3}},"locations":[{"start":{"line":80,"column":2},"end":{"line":94,"column":3}}]},"12":{"type":"branch","line":84,"loc":{"start":{"line":84,"column":8},"end":{"line":84,"column":30}},"locations":[{"start":{"line":84,"column":8},"end":{"line":84,"column":30}}]},"13":{"type":"branch","line":84,"loc":{"start":{"line":84,"column":30},"end":{"line":93,"column":5}},"locations":[{"start":{"line":84,"column":30},"end":{"line":93,"column":5}}]},"14":{"type":"branch","line":86,"loc":{"start":{"line":86,"column":24},"end":{"line":88,"column":7}},"locations":[{"start":{"line":86,"column":24},"end":{"line":88,"column":7}}]},"15":{"type":"branch","line":99,"loc":{"start":{"line":99,"column":2},"end":{"line":111,"column":3}},"locations":[{"start":{"line":99,"column":2},"end":{"line":111,"column":3}}]},"16":{"type":"branch","line":100,"loc":{"start":{"line":100,"column":26},"end":{"line":108,"column":5}},"locations":[{"start":{"line":100,"column":26},"end":{"line":108,"column":5}}]},"17":{"type":"branch","line":102,"loc":{"start":{"line":102,"column":21},"end":{"line":106,"column":7}},"locations":[{"start":{"line":102,"column":21},"end":{"line":106,"column":7}}]},"18":{"type":"branch","line":103,"loc":{"start":{"line":103,"column":26},"end":{"line":105,"column":9}},"locations":[{"start":{"line":103,"column":26},"end":{"line":105,"column":9}}]},"19":{"type":"branch","line":117,"loc":{"start":{"line":117,"column":2},"end":{"line":119,"column":3}},"locations":[{"start":{"line":117,"column":2},"end":{"line":119,"column":3}}]},"20":{"type":"branch","line":126,"loc":{"start":{"line":126,"column":2},"end":{"line":128,"column":3}},"locations":[{"start":{"line":126,"column":2},"end":{"line":128,"column":3}}]}},"b":{"0":[53],"1":[68],"2":[47],"3":[67],"4":[1],"5":[32],"6":[17],"7":[17],"8":[72],"9":[7],"10":[1],"11":[7],"12":[6],"13":[6],"14":[6],"15":[52],"16":[48],"17":[41],"18":[45],"19":[5],"20":[4]},"fnMap":{"0":{"name":"BroadcastService","decl":{"start":{"line":7,"column":7},"end":{"line":10,"column":32}},"loc":{"start":{"line":7,"column":7},"end":{"line":10,"column":32}},"line":7},"1":{"name":"subscribe","decl":{"start":{"line":18,"column":2},"end":{"line":39,"column":3}},"loc":{"start":{"line":18,"column":2},"end":{"line":39,"column":3}},"line":18},"2":{"name":"messageHandler","decl":{"start":{"line":27,"column":27},"end":{"line":33,"column":6}},"loc":{"start":{"line":27,"column":27},"end":{"line":33,"column":6}},"line":27},"3":{"name":"unsubscribe","decl":{"start":{"line":46,"column":2},"end":{"line":57,"column":3}},"loc":{"start":{"line":46,"column":2},"end":{"line":57,"column":3}},"line":46},"4":{"name":"broadcast","decl":{"start":{"line":64,"column":2},"end":{"line":74,"column":3}},"loc":{"start":{"line":64,"column":2},"end":{"line":74,"column":3}},"line":64},"5":{"name":"close","decl":{"start":{"line":80,"column":2},"end":{"line":94,"column":3}},"loc":{"start":{"line":80,"column":2},"end":{"line":94,"column":3}},"line":80},"6":{"name":"closeAll","decl":{"start":{"line":99,"column":2},"end":{"line":111,"column":3}},"loc":{"start":{"line":99,"column":2},"end":{"line":111,"column":3}},"line":99},"7":{"name":"getActiveChannels","decl":{"start":{"line":117,"column":2},"end":{"line":119,"column":3}},"loc":{"start":{"line":117,"column":2},"end":{"line":119,"column":3}},"line":117},"8":{"name":"isChannelActive","decl":{"start":{"line":126,"column":2},"end":{"line":128,"column":3}},"loc":{"start":{"line":126,"column":2},"end":{"line":128,"column":3}},"line":126}},"f":{"0":53,"1":68,"2":67,"3":32,"4":72,"5":7,"6":52,"7":5,"8":4}}
,"C:\\Users\\sure\\Desktop\\intern\\project\\99_npm\\broadcast-event-system\\src\\core\\EventService.ts": {"path":"C:\\Users\\sure\\Desktop\\intern\\project\\99_npm\\broadcast-event-system\\src\\core\\EventService.ts","all":false,"statementMap":{"6":{"start":{"line":7,"column":0},"end":{"line":7,"column":52}},"7":{"start":{"line":8,"column":0},"end":{"line":8,"column":70}},"14":{"start":{"line":15,"column":0},"end":{"line":15,"column":45}},"15":{"start":{"line":16,"column":0},"end":{"line":16,"column":57}},"16":{"start":{"line":17,"column":0},"end":{"line":17,"column":25}},"17":{"start":{"line":18,"column":0},"end":{"line":18,"column":65}},"18":{"start":{"line":19,"column":0},"end":{"line":19,"column":44}},"19":{"start":{"line":20,"column":0},"end":{"line":20,"column":13}},"20":{"start":{"line":21,"column":0},"end":{"line":21,"column":28}},"21":{"start":{"line":22,"column":0},"end":{"line":22,"column":25}},"22":{"start":{"line":23,"column":0},"end":{"line":23,"column":78}},"23":{"start":{"line":24,"column":0},"end":{"line":24,"column":9}},"24":{"start":{"line":25,"column":0},"end":{"line":25,"column":9}},"25":{"start":{"line":26,"column":0},"end":{"line":26,"column":5}},"26":{"start":{"line":27,"column":0},"end":{"line":27,"column":3}},"33":{"start":{"line":34,"column":0},"end":{"line":34,"column":62}},"34":{"start":{"line":35,"column":0},"end":{"line":35,"column":41}},"35":{"start":{"line":36,"column":0},"end":{"line":36,"column":47}},"36":{"start":{"line":37,"column":0},"end":{"line":37,"column":5}},"38":{"start":{"line":39,"column":0},"end":{"line":39,"column":71}},"39":{"start":{"line":40,"column":0},"end":{"line":40,"column":3}},"46":{"start":{"line":47,"column":0},"end":{"line":47,"column":63}},"47":{"start":{"line":48,"column":0},"end":{"line":48,"column":57}},"48":{"start":{"line":49,"column":0},"end":{"line":49,"column":25}},"49":{"start":{"line":50,"column":0},"end":{"line":50,"column":60}},"50":{"start":{"line":51,"column":0},"end":{"line":51,"column":38}},"51":{"start":{"line":52,"column":0},"end":{"line":52,"column":41}},"52":{"start":{"line":53,"column":0},"end":{"line":53,"column":7}},"53":{"start":{"line":54,"column":0},"end":{"line":54,"column":5}},"54":{"start":{"line":55,"column":0},"end":{"line":55,"column":3}},"60":{"start":{"line":61,"column":0},"end":{"line":61,"column":34}},"61":{"start":{"line":62,"column":0},"end":{"line":62,"column":37}},"62":{"start":{"line":63,"column":0},"end":{"line":63,"column":3}},"67":{"start":{"line":68,"column":0},"end":{"line":68,"column":20}},"68":{"start":{"line":69,"column":0},"end":{"line":69,"column":27}},"69":{"start":{"line":70,"column":0},"end":{"line":70,"column":3}},"76":{"start":{"line":77,"column":0},"end":{"line":77,"column":44}},"77":{"start":{"line":78,"column":0},"end":{"line":78,"column":52}},"78":{"start":{"line":79,"column":0},"end":{"line":79,"column":3}},"84":{"start":{"line":85,"column":0},"end":{"line":85,"column":26}},"85":{"start":{"line":86,"column":0},"end":{"line":86,"column":45}},"86":{"start":{"line":87,"column":0},"end":{"line":87,"column":3}},"87":{"start":{"line":88,"column":0},"end":{"line":88,"column":1}},"93":{"start":{"line":94,"column":0},"end":{"line":94,"column":47}}},"s":{"6":1,"7":87,"14":1,"15":309,"16":309,"17":286,"18":286,"19":297,"20":297,"21":297,"22":2,"23":2,"24":286,"25":286,"26":309,"33":1,"34":169,"35":148,"36":148,"38":169,"39":169,"46":1,"47":117,"48":117,"49":114,"50":114,"51":105,"52":105,"53":114,"54":117,"60":1,"61":5,"62":5,"67":1,"68":2,"69":2,"76":1,"77":13,"78":13,"84":1,"85":6,"86":6,"87":1,"93":1},"branchMap":{"0":{"type":"branch","line":7,"loc":{"start":{"line":7,"column":7},"end":{"line":8,"column":70}},"locations":[{"start":{"line":7,"column":7},"end":{"line":8,"column":70}}]},"1":{"type":"branch","line":15,"loc":{"start":{"line":15,"column":2},"end":{"line":27,"column":3}},"locations":[{"start":{"line":15,"column":2},"end":{"line":27,"column":3}}]},"2":{"type":"branch","line":17,"loc":{"start":{"line":17,"column":24},"end":{"line":26,"column":5}},"locations":[{"start":{"line":17,"column":24},"end":{"line":26,"column":5}}]},"3":{"type":"branch","line":19,"loc":{"start":{"line":19,"column":29},"end":{"line":25,"column":7}},"locations":[{"start":{"line":19,"column":29},"end":{"line":25,"column":7}}]},"4":{"type":"branch","line":22,"loc":{"start":{"line":22,"column":8},"end":{"line":24,"column":9}},"locations":[{"start":{"line":22,"column":8},"end":{"line":24,"column":9}}]},"5":{"type":"branch","line":34,"loc":{"start":{"line":34,"column":2},"end":{"line":40,"column":3}},"locations":[{"start":{"line":34,"column":2},"end":{"line":40,"column":3}}]},"6":{"type":"branch","line":35,"loc":{"start":{"line":35,"column":40},"end":{"line":37,"column":5}},"locations":[{"start":{"line":35,"column":40},"end":{"line":37,"column":5}}]},"7":{"type":"branch","line":47,"loc":{"start":{"line":47,"column":2},"end":{"line":55,"column":3}},"locations":[{"start":{"line":47,"column":2},"end":{"line":55,"column":3}}]},"8":{"type":"branch","line":49,"loc":{"start":{"line":49,"column":24},"end":{"line":54,"column":5}},"locations":[{"start":{"line":49,"column":24},"end":{"line":54,"column":5}}]},"9":{"type":"branch","line":51,"loc":{"start":{"line":51,"column":37},"end":{"line":53,"column":7}},"locations":[{"start":{"line":51,"column":37},"end":{"line":53,"column":7}}]},"10":{"type":"branch","line":61,"loc":{"start":{"line":61,"column":2},"end":{"line":63,"column":3}},"locations":[{"start":{"line":61,"column":2},"end":{"line":63,"column":3}}]},"11":{"type":"branch","line":68,"loc":{"start":{"line":68,"column":2},"end":{"line":70,"column":3}},"locations":[{"start":{"line":68,"column":2},"end":{"line":70,"column":3}}]},"12":{"type":"branch","line":77,"loc":{"start":{"line":77,"column":2},"end":{"line":79,"column":3}},"locations":[{"start":{"line":77,"column":2},"end":{"line":79,"column":3}}]},"13":{"type":"branch","line":78,"loc":{"start":{"line":78,"column":39},"end":{"line":78,"column":50}},"locations":[{"start":{"line":78,"column":39},"end":{"line":78,"column":50}}]},"14":{"type":"branch","line":78,"loc":{"start":{"line":78,"column":42},"end":{"line":78,"column":52}},"locations":[{"start":{"line":78,"column":42},"end":{"line":78,"column":52}}]},"15":{"type":"branch","line":85,"loc":{"start":{"line":85,"column":2},"end":{"line":87,"column":3}},"locations":[{"start":{"line":85,"column":2},"end":{"line":87,"column":3}}]}},"b":{"0":[87],"1":[309],"2":[286],"3":[297],"4":[2],"5":[169],"6":[148],"7":[117],"8":[114],"9":[105],"10":[5],"11":[2],"12":[13],"13":[5],"14":[8],"15":[6]},"fnMap":{"0":{"name":"EventService","decl":{"start":{"line":7,"column":7},"end":{"line":8,"column":70}},"loc":{"start":{"line":7,"column":7},"end":{"line":8,"column":70}},"line":7},"1":{"name":"emit","decl":{"start":{"line":15,"column":2},"end":{"line":27,"column":3}},"loc":{"start":{"line":15,"column":2},"end":{"line":27,"column":3}},"line":15},"2":{"name":"on","decl":{"start":{"line":34,"column":2},"end":{"line":40,"column":3}},"loc":{"start":{"line":34,"column":2},"end":{"line":40,"column":3}},"line":34},"3":{"name":"off","decl":{"start":{"line":47,"column":2},"end":{"line":55,"column":3}},"loc":{"start":{"line":47,"column":2},"end":{"line":55,"column":3}},"line":47},"4":{"name":"clear","decl":{"start":{"line":61,"column":2},"end":{"line":63,"column":3}},"loc":{"start":{"line":61,"column":2},"end":{"line":63,"column":3}},"line":61},"5":{"name":"clearAll","decl":{"start":{"line":68,"column":2},"end":{"line":70,"column":3}},"loc":{"start":{"line":68,"column":2},"end":{"line":70,"column":3}},"line":68},"6":{"name":"listenerCount","decl":{"start":{"line":77,"column":2},"end":{"line":79,"column":3}},"loc":{"start":{"line":77,"column":2},"end":{"line":79,"column":3}},"line":77},"7":{"name":"eventTypes","decl":{"start":{"line":85,"column":2},"end":{"line":87,"column":3}},"loc":{"start":{"line":85,"column":2},"end":{"line":87,"column":3}},"line":85}},"f":{"0":87,"1":309,"2":169,"3":117,"4":5,"5":2,"6":13,"7":6}}
,"C:\\Users\\sure\\Desktop\\intern\\project\\99_npm\\broadcast-event-system\\src\\react\\useBroadcast.ts": {"path":"C:\\Users\\sure\\Desktop\\intern\\project\\99_npm\\broadcast-event-system\\src\\react\\useBroadcast.ts","all":false,"statementMap":{"0":{"start":{"line":1,"column":0},"end":{"line":1,"column":47}},"20":{"start":{"line":21,"column":0},"end":{"line":21,"column":58}},"21":{"start":{"line":22,"column":0},"end":{"line":22,"column":21}},"22":{"start":{"line":23,"column":0},"end":{"line":23,"column":42}},"23":{"start":{"line":24,"column":0},"end":{"line":24,"column":43}},"24":{"start":{"line":25,"column":0},"end":{"line":25,"column":6}},"25":{"start":{"line":26,"column":0},"end":{"line":26,"column":13}},"26":{"start":{"line":27,"column":0},"end":{"line":27,"column":4}},"27":{"start":{"line":28,"column":0},"end":{"line":28,"column":1}},"46":{"start":{"line":47,"column":0},"end":{"line":47,"column":31}},"47":{"start":{"line":48,"column":0},"end":{"line":48,"column":22}},"48":{"start":{"line":49,"column":0},"end":{"line":49,"column":32}},"49":{"start":{"line":50,"column":0},"end":{"line":50,"column":28}},"50":{"start":{"line":51,"column":0},"end":{"line":51,"column":3}},"51":{"start":{"line":52,"column":0},"end":{"line":52,"column":19}},"52":{"start":{"line":53,"column":0},"end":{"line":53,"column":64}},"55":{"start":{"line":56,"column":0},"end":{"line":56,"column":18}},"56":{"start":{"line":57,"column":0},"end":{"line":57,"column":51}},"57":{"start":{"line":58,"column":0},"end":{"line":58,"column":6}},"58":{"start":{"line":59,"column":0},"end":{"line":59,"column":39}},"59":{"start":{"line":60,"column":0},"end":{"line":60,"column":1}}},"s":{"0":1,"20":1,"21":13,"22":13,"23":14,"24":14,"25":13,"26":13,"27":13,"46":1,"47":27,"48":27,"49":27,"50":27,"51":27,"52":27,"55":27,"56":27,"57":27,"58":27,"59":27},"branchMap":{"0":{"type":"branch","line":21,"loc":{"start":{"line":21,"column":7},"end":{"line":28,"column":1}},"locations":[{"start":{"line":21,"column":7},"end":{"line":28,"column":1}}]},"1":{"type":"branch","line":23,"loc":{"start":{"line":23,"column":4},"end":{"line":25,"column":6}},"locations":[{"start":{"line":23,"column":4},"end":{"line":25,"column":6}}]},"2":{"type":"branch","line":47,"loc":{"start":{"line":47,"column":7},"end":{"line":60,"column":1}},"locations":[{"start":{"line":47,"column":7},"end":{"line":60,"column":1}}]},"3":{"type":"branch","line":52,"loc":{"start":{"line":52,"column":12},"end":{"line":59,"column":5}},"locations":[{"start":{"line":52,"column":12},"end":{"line":59,"column":5}}]},"4":{"type":"branch","line":56,"loc":{"start":{"line":56,"column":11},"end":{"line":58,"column":6}},"locations":[{"start":{"line":56,"column":11},"end":{"line":58,"column":6}}]}},"b":{"0":[13],"1":[14],"2":[27],"3":[27],"4":[27]},"fnMap":{"0":{"name":"useBroadcast","decl":{"start":{"line":21,"column":7},"end":{"line":28,"column":1}},"loc":{"start":{"line":21,"column":7},"end":{"line":28,"column":1}},"line":21},"1":{"name":"useBroadcastOn","decl":{"start":{"line":47,"column":7},"end":{"line":60,"column":1}},"loc":{"start":{"line":47,"column":7},"end":{"line":60,"column":1}},"line":47}},"f":{"0":13,"1":27}}
,"C:\\Users\\sure\\Desktop\\intern\\project\\99_npm\\broadcast-event-system\\src\\react\\useEventEmit.ts": {"path":"C:\\Users\\sure\\Desktop\\intern\\project\\99_npm\\broadcast-event-system\\src\\react\\useEventEmit.ts","all":false,"statementMap":{"0":{"start":{"line":1,"column":0},"end":{"line":1,"column":36}},"22":{"start":{"line":23,"column":0},"end":{"line":23,"column":54}},"23":{"start":{"line":24,"column":0},"end":{"line":24,"column":21}},"24":{"start":{"line":25,"column":0},"end":{"line":25,"column":40}},"25":{"start":{"line":26,"column":0},"end":{"line":26,"column":36}},"26":{"start":{"line":27,"column":0},"end":{"line":27,"column":6}},"27":{"start":{"line":28,"column":0},"end":{"line":28,"column":13}},"28":{"start":{"line":29,"column":0},"end":{"line":29,"column":4}},"29":{"start":{"line":30,"column":0},"end":{"line":30,"column":1}}},"s":{"0":1,"22":1,"23":17,"24":17,"25":23,"26":23,"27":17,"28":17,"29":17},"branchMap":{"0":{"type":"branch","line":23,"loc":{"start":{"line":23,"column":7},"end":{"line":30,"column":1}},"locations":[{"start":{"line":23,"column":7},"end":{"line":30,"column":1}}]},"1":{"type":"branch","line":25,"loc":{"start":{"line":25,"column":4},"end":{"line":27,"column":6}},"locations":[{"start":{"line":25,"column":4},"end":{"line":27,"column":6}}]}},"b":{"0":[17],"1":[23]},"fnMap":{"0":{"name":"useEventEmit","decl":{"start":{"line":23,"column":7},"end":{"line":30,"column":1}},"loc":{"start":{"line":23,"column":7},"end":{"line":30,"column":1}},"line":23}},"f":{"0":17}}
,"C:\\Users\\sure\\Desktop\\intern\\project\\99_npm\\broadcast-event-system\\src\\react\\useEventOn.ts": {"path":"C:\\Users\\sure\\Desktop\\intern\\project\\99_npm\\broadcast-event-system\\src\\react\\useEventOn.ts","all":false,"statementMap":{"0":{"start":{"line":1,"column":0},"end":{"line":1,"column":34}},"23":{"start":{"line":24,"column":0},"end":{"line":24,"column":40}},"24":{"start":{"line":25,"column":0},"end":{"line":25,"column":20}},"25":{"start":{"line":26,"column":0},"end":{"line":26,"column":30}},"26":{"start":{"line":27,"column":0},"end":{"line":27,"column":24}},"27":{"start":{"line":28,"column":0},"end":{"line":28,"column":3}},"28":{"start":{"line":29,"column":0},"end":{"line":29,"column":19}},"29":{"start":{"line":30,"column":0},"end":{"line":30,"column":52}},"30":{"start":{"line":31,"column":0},"end":{"line":31,"column":39}},"31":{"start":{"line":32,"column":0},"end":{"line":32,"column":31}},"32":{"start":{"line":33,"column":0},"end":{"line":33,"column":7}},"33":{"start":{"line":34,"column":0},"end":{"line":34,"column":6}},"35":{"start":{"line":36,"column":0},"end":{"line":36,"column":39}},"38":{"start":{"line":39,"column":0},"end":{"line":39,"column":18}},"39":{"start":{"line":40,"column":0},"end":{"line":40,"column":42}},"40":{"start":{"line":41,"column":0},"end":{"line":41,"column":6}},"41":{"start":{"line":42,"column":0},"end":{"line":42,"column":37}},"42":{"start":{"line":43,"column":0},"end":{"line":43,"column":1}}},"s":{"0":1,"23":1,"24":109,"25":109,"26":109,"27":109,"28":109,"29":109,"30":157,"31":157,"32":157,"33":157,"35":109,"38":109,"39":109,"40":109,"41":109,"42":109},"branchMap":{"0":{"type":"branch","line":24,"loc":{"start":{"line":24,"column":7},"end":{"line":43,"column":1}},"locations":[{"start":{"line":24,"column":7},"end":{"line":43,"column":1}}]},"1":{"type":"branch","line":29,"loc":{"start":{"line":29,"column":12},"end":{"line":42,"column":5}},"locations":[{"start":{"line":29,"column":12},"end":{"line":42,"column":5}}]},"2":{"type":"branch","line":30,"loc":{"start":{"line":30,"column":21},"end":{"line":34,"column":6}},"locations":[{"start":{"line":30,"column":21},"end":{"line":34,"column":6}}]},"3":{"type":"branch","line":39,"loc":{"start":{"line":39,"column":11},"end":{"line":41,"column":6}},"locations":[{"start":{"line":39,"column":11},"end":{"line":41,"column":6}}]}},"b":{"0":[109],"1":[109],"2":[157],"3":[109]},"fnMap":{"0":{"name":"useEventOn","decl":{"start":{"line":24,"column":7},"end":{"line":43,"column":1}},"loc":{"start":{"line":24,"column":7},"end":{"line":43,"column":1}},"line":24},"1":{"name":"listener","decl":{"start":{"line":30,"column":21},"end":{"line":34,"column":6}},"loc":{"start":{"line":30,"column":21},"end":{"line":34,"column":6}},"line":30}},"f":{"0":109,"1":157}}
,"C:\\Users\\sure\\Desktop\\intern\\project\\99_npm\\broadcast-event-system\\src\\react\\useEventState.ts": {"path":"C:\\Users\\sure\\Desktop\\intern\\project\\99_npm\\broadcast-event-system\\src\\react\\useEventState.ts","all":false,"statementMap":{"0":{"start":{"line":1,"column":0},"end":{"line":1,"column":33}},"26":{"start":{"line":27,"column":0},"end":{"line":27,"column":97}},"27":{"start":{"line":28,"column":0},"end":{"line":28,"column":54}},"29":{"start":{"line":30,"column":0},"end":{"line":30,"column":16}},"30":{"start":{"line":31,"column":0},"end":{"line":31,"column":14}},"31":{"start":{"line":32,"column":0},"end":{"line":32,"column":15}},"32":{"start":{"line":33,"column":0},"end":{"line":33,"column":21}},"33":{"start":{"line":34,"column":0},"end":{"line":34,"column":6}},"34":{"start":{"line":35,"column":0},"end":{"line":35,"column":11}},"35":{"start":{"line":36,"column":0},"end":{"line":36,"column":4}},"37":{"start":{"line":38,"column":0},"end":{"line":38,"column":15}},"38":{"start":{"line":39,"column":0},"end":{"line":39,"column":1}}},"s":{"0":1,"26":1,"27":64,"29":64,"30":64,"31":64,"32":131,"33":131,"34":64,"35":64,"37":64,"38":64},"branchMap":{"0":{"type":"branch","line":27,"loc":{"start":{"line":27,"column":7},"end":{"line":39,"column":1}},"locations":[{"start":{"line":27,"column":7},"end":{"line":39,"column":1}}]},"1":{"type":"branch","line":32,"loc":{"start":{"line":32,"column":4},"end":{"line":34,"column":6}},"locations":[{"start":{"line":32,"column":4},"end":{"line":34,"column":6}}]}},"b":{"0":[64],"1":[131]},"fnMap":{"0":{"name":"useEventState","decl":{"start":{"line":27,"column":7},"end":{"line":39,"column":1}},"loc":{"start":{"line":27,"column":7},"end":{"line":39,"column":1}},"line":27}},"f":{"0":64}}
}
